{"/Users/cortneythomas/Documents/Projects/work/sentry-capacitor/src/backend.ts": {"path":"/Users/cortneythomas/Documents/Projects/work/sentry-capacitor/src/backend.ts","statementMap":{"0":{"start":{"line":1,"column":0},"end":{"line":1,"column":61}},"1":{"start":{"line":2,"column":0},"end":{"line":2,"column":62}},"2":{"start":{"line":3,"column":0},"end":{"line":3,"column":58}},"3":{"start":{"line":6,"column":0},"end":{"line":6,"column":54}},"4":{"start":{"line":7,"column":0},"end":{"line":7,"column":35}},"5":{"start":{"line":22,"column":4},"end":{"line":22,"column":20}},"6":{"start":{"line":21,"column":40},"end":{"line":21,"column":66}},"7":{"start":{"line":23,"column":4},"end":{"line":23,"column":56}},"8":{"start":{"line":25,"column":4},"end":{"line":25,"column":34}},"9":{"start":{"line":33,"column":4},"end":{"line":35,"column":null}},"10":{"start":{"line":34,"column":6},"end":{"line":34,"column":21}},"11":{"start":{"line":42,"column":4},"end":{"line":45,"column":null}},"12":{"start":{"line":44,"column":6},"end":{"line":44,"column":33}},"13":{"start":{"line":47,"column":26},"end":{"line":49,"column":null}},"14":{"start":{"line":52,"column":4},"end":{"line":54,"column":null}},"15":{"start":{"line":53,"column":6},"end":{"line":53,"column":59}},"16":{"start":{"line":56,"column":4},"end":{"line":58,"column":null}},"17":{"start":{"line":57,"column":6},"end":{"line":57,"column":35}},"18":{"start":{"line":60,"column":4},"end":{"line":60,"column":59}},"19":{"start":{"line":77,"column":4},"end":{"line":80,"column":6}},"20":{"start":{"line":87,"column":4},"end":{"line":92,"column":null}},"21":{"start":{"line":88,"column":6},"end":{"line":88,"column":51}},"22":{"start":{"line":89,"column":6},"end":{"line":89,"column":54}},"23":{"start":{"line":91,"column":6},"end":{"line":91,"column":38}},"24":{"start":{"line":99,"column":4},"end":{"line":103,"column":null}},"25":{"start":{"line":100,"column":6},"end":{"line":102,"column":8}},"26":{"start":{"line":14,"column":0},"end":{"line":14,"column":13}}},"fnMap":{"0":{"name":"(anonymous_7)","decl":{"start":{"line":21,"column":2},"end":{"line":21,"column":40}},"loc":{"start":{"line":21,"column":66},"end":{"line":26,"column":3}}},"1":{"name":"(anonymous_8)","decl":{"start":{"line":32,"column":9},"end":{"line":32,"column":20}},"loc":{"start":{"line":32,"column":20},"end":{"line":36,"column":3}}},"2":{"name":"(anonymous_9)","decl":{"start":{"line":41,"column":12},"end":{"line":41,"column":36}},"loc":{"start":{"line":41,"column":36},"end":{"line":61,"column":3}}},"3":{"name":"(anonymous_10)","decl":{"start":{"line":76,"column":10},"end":{"line":76,"column":34}},"loc":{"start":{"line":76,"column":34},"end":{"line":81,"column":3}}},"4":{"name":"(anonymous_11)","decl":{"start":{"line":86,"column":16},"end":{"line":86,"column":33}},"loc":{"start":{"line":86,"column":33},"end":{"line":93,"column":null}}},"5":{"name":"(anonymous_13)","decl":{"start":{"line":98,"column":10},"end":{"line":98,"column":34}},"loc":{"start":{"line":98,"column":34},"end":{"line":104,"column":3}}}},"branchMap":{"0":{"loc":{"start":{"line":33,"column":4},"end":{"line":35,"column":null}},"type":"if","locations":[{"start":{"line":33,"column":4},"end":{"line":35,"column":null}},{"start":{"line":33,"column":4},"end":{"line":35,"column":null}}]},"1":{"loc":{"start":{"line":42,"column":4},"end":{"line":45,"column":null}},"type":"if","locations":[{"start":{"line":42,"column":4},"end":{"line":45,"column":null}},{"start":{"line":42,"column":4},"end":{"line":45,"column":null}}]},"2":{"loc":{"start":{"line":52,"column":4},"end":{"line":54,"column":null}},"type":"if","locations":[{"start":{"line":52,"column":4},"end":{"line":54,"column":null}},{"start":{"line":52,"column":4},"end":{"line":54,"column":null}}]},"3":{"loc":{"start":{"line":56,"column":4},"end":{"line":58,"column":null}},"type":"if","locations":[{"start":{"line":56,"column":4},"end":{"line":58,"column":null}},{"start":{"line":56,"column":4},"end":{"line":58,"column":null}}]},"4":{"loc":{"start":{"line":78,"column":6},"end":{"line":78,"column":41}},"type":"binary-expr","locations":[{"start":{"line":78,"column":6},"end":{"line":78,"column":41}},{"start":{"line":79,"column":6},"end":{"line":79,"column":38}}]},"5":{"loc":{"start":{"line":89,"column":47},"end":{"line":89,"column":48}},"type":"cond-expr","locations":[{"start":{"line":89,"column":47},"end":{"line":89,"column":48}},{"start":{"line":89,"column":51},"end":{"line":89,"column":52}}]},"6":{"loc":{"start":{"line":99,"column":4},"end":{"line":103,"column":null}},"type":"if","locations":[{"start":{"line":99,"column":4},"end":{"line":103,"column":null}},{"start":{"line":99,"column":4},"end":{"line":103,"column":null}}]},"7":{"loc":{"start":{"line":99,"column":8},"end":{"line":99,"column":22}},"type":"binary-expr","locations":[{"start":{"line":99,"column":8},"end":{"line":99,"column":22}},{"start":{"line":99,"column":26},"end":{"line":99,"column":58}}]}},"s":{"0":1,"1":1,"2":1,"3":1,"4":1,"5":1,"6":1,"7":1,"8":0,"9":0,"10":0,"11":0,"12":0,"13":0,"14":0,"15":0,"16":0,"17":0,"18":0,"19":0,"20":0,"21":0,"22":0,"23":0,"24":0,"25":0,"26":1},"f":{"0":1,"1":0,"2":0,"3":0,"4":0,"5":0},"b":{"0":[0,0],"1":[0,0],"2":[0,0],"3":[0,0],"4":[0,0],"5":[0,0],"6":[0,0],"7":[0,0]}}
,"/Users/cortneythomas/Documents/Projects/work/sentry-capacitor/src/wrapper.ts": {"path":"/Users/cortneythomas/Documents/Projects/work/sentry-capacitor/src/wrapper.ts","statementMap":{"0":{"start":{"line":1,"column":0},"end":{"line":1,"column":42}},"1":{"start":{"line":3,"column":0},"end":{"line":3,"column":52}},"2":{"start":{"line":4,"column":0},"end":{"line":4,"column":66}},"3":{"start":{"line":8,"column":28},"end":{"line":8,"column":35}},"4":{"start":{"line":13,"column":13},"end":{"line":313,"column":2}},"5":{"start":{"line":19,"column":4},"end":{"line":21,"column":null}},"6":{"start":{"line":20,"column":6},"end":{"line":20,"column":38}},"7":{"start":{"line":22,"column":4},"end":{"line":24,"column":null}},"8":{"start":{"line":23,"column":6},"end":{"line":23,"column":36}},"9":{"start":{"line":27,"column":4},"end":{"line":27,"column":76}},"10":{"start":{"line":29,"column":19},"end":{"line":32,"column":6}},"11":{"start":{"line":34,"column":17},"end":{"line":39,"column":null}},"12":{"start":{"line":42,"column":25},"end":{"line":42,"column":47}},"13":{"start":{"line":44,"column":26},"end":{"line":44,"column":49}},"14":{"start":{"line":45,"column":17},"end":{"line":45,"column":37}},"15":{"start":{"line":46,"column":4},"end":{"line":50,"column":null}},"16":{"start":{"line":47,"column":6},"end":{"line":47,"column":73}},"17":{"start":{"line":52,"column":17},"end":{"line":56,"column":6}},"18":{"start":{"line":58,"column":23},"end":{"line":58,"column":43}},"19":{"start":{"line":60,"column":27},"end":{"line":60,"column":77}},"20":{"start":{"line":62,"column":4},"end":{"line":62,"column":59}},"21":{"start":{"line":72,"column":4},"end":{"line":77,"column":null}},"22":{"start":{"line":73,"column":6},"end":{"line":75,"column":8}},"23":{"start":{"line":76,"column":6},"end":{"line":76,"column":19}},"24":{"start":{"line":79,"column":4},"end":{"line":85,"column":null}},"25":{"start":{"line":80,"column":6},"end":{"line":82,"column":null}},"26":{"start":{"line":81,"column":8},"end":{"line":81,"column":60}},"27":{"start":{"line":83,"column":6},"end":{"line":83,"column":32}},"28":{"start":{"line":84,"column":6},"end":{"line":84,"column":19}},"29":{"start":{"line":87,"column":4},"end":{"line":89,"column":null}},"30":{"start":{"line":88,"column":6},"end":{"line":88,"column":36}},"31":{"start":{"line":99,"column":8},"end":{"line":99,"column":15}},"32":{"start":{"line":98,"column":24},"end":{"line":99,"column":8}},"33":{"start":{"line":101,"column":4},"end":{"line":101,"column":61}},"34":{"start":{"line":112,"column":4},"end":{"line":114,"column":null}},"35":{"start":{"line":113,"column":6},"end":{"line":113,"column":38}},"36":{"start":{"line":116,"column":4},"end":{"line":116,"column":42}},"37":{"start":{"line":124,"column":4},"end":{"line":126,"column":null}},"38":{"start":{"line":125,"column":6},"end":{"line":125,"column":13}},"39":{"start":{"line":128,"column":4},"end":{"line":130,"column":null}},"40":{"start":{"line":129,"column":6},"end":{"line":129,"column":36}},"41":{"start":{"line":132,"column":4},"end":{"line":132,"column":39}},"42":{"start":{"line":140,"column":4},"end":{"line":142,"column":null}},"43":{"start":{"line":141,"column":6},"end":{"line":141,"column":13}},"44":{"start":{"line":143,"column":4},"end":{"line":145,"column":null}},"45":{"start":{"line":144,"column":6},"end":{"line":144,"column":36}},"46":{"start":{"line":146,"column":4},"end":{"line":146,"column":28}},"47":{"start":{"line":156,"column":4},"end":{"line":158,"column":null}},"48":{"start":{"line":157,"column":6},"end":{"line":157,"column":13}},"49":{"start":{"line":159,"column":4},"end":{"line":161,"column":null}},"50":{"start":{"line":160,"column":6},"end":{"line":160,"column":36}},"51":{"start":{"line":164,"column":26},"end":{"line":164,"column":30}},"52":{"start":{"line":165,"column":24},"end":{"line":165,"column":28}},"53":{"start":{"line":166,"column":4},"end":{"line":175,"column":null}},"54":{"start":{"line":167,"column":64},"end":{"line":167,"column":68}},"55":{"start":{"line":167,"column":59},"end":{"line":167,"column":64}},"56":{"start":{"line":168,"column":6},"end":{"line":173,"column":9}},"57":{"start":{"line":174,"column":6},"end":{"line":174,"column":55}},"58":{"start":{"line":177,"column":4},"end":{"line":177,"column":60}},"59":{"start":{"line":186,"column":4},"end":{"line":188,"column":null}},"60":{"start":{"line":187,"column":6},"end":{"line":187,"column":13}},"61":{"start":{"line":189,"column":4},"end":{"line":191,"column":null}},"62":{"start":{"line":190,"column":6},"end":{"line":190,"column":36}},"63":{"start":{"line":194,"column":6},"end":{"line":194,"column":63}},"64":{"start":{"line":196,"column":4},"end":{"line":196,"column":50}},"65":{"start":{"line":206,"column":4},"end":{"line":208,"column":null}},"66":{"start":{"line":207,"column":6},"end":{"line":207,"column":13}},"67":{"start":{"line":209,"column":4},"end":{"line":211,"column":null}},"68":{"start":{"line":210,"column":6},"end":{"line":210,"column":36}},"69":{"start":{"line":215,"column":6},"end":{"line":215,"column":63}},"70":{"start":{"line":218,"column":4},"end":{"line":218,"column":52}},"71":{"start":{"line":226,"column":4},"end":{"line":228,"column":null}},"72":{"start":{"line":227,"column":6},"end":{"line":227,"column":13}},"73":{"start":{"line":229,"column":4},"end":{"line":231,"column":null}},"74":{"start":{"line":230,"column":6},"end":{"line":230,"column":36}},"75":{"start":{"line":233,"column":4},"end":{"line":242,"column":7}},"76":{"start":{"line":249,"column":4},"end":{"line":251,"column":null}},"77":{"start":{"line":250,"column":6},"end":{"line":250,"column":13}},"78":{"start":{"line":252,"column":4},"end":{"line":254,"column":null}},"79":{"start":{"line":253,"column":6},"end":{"line":253,"column":36}},"80":{"start":{"line":256,"column":4},"end":{"line":256,"column":39}},"81":{"start":{"line":267,"column":50},"end":{"line":267,"column":52}},"82":{"start":{"line":269,"column":4},"end":{"line":273,"column":7}},"83":{"start":{"line":270,"column":20},"end":{"line":270,"column":33}},"84":{"start":{"line":271,"column":6},"end":{"line":272,"column":66}},"85":{"start":{"line":275,"column":4},"end":{"line":275,"column":22}},"86":{"start":{"line":284,"column":4},"end":{"line":286,"column":null}},"87":{"start":{"line":285,"column":6},"end":{"line":285,"column":28}},"88":{"start":{"line":287,"column":4},"end":{"line":289,"column":null}},"89":{"start":{"line":288,"column":6},"end":{"line":288,"column":28}},"90":{"start":{"line":291,"column":4},"end":{"line":291,"column":17}},"91":{"start":{"line":298,"column":4},"end":{"line":298,"column":29}},"92":{"start":{"line":305,"column":4},"end":{"line":305,"column":74}}},"fnMap":{"0":{"name":"(anonymous_8)","decl":{"start":{"line":18,"column":8},"end":{"line":18,"column":17}},"loc":{"start":{"line":18,"column":30},"end":{"line":63,"column":null}}},"1":{"name":"(anonymous_10)","decl":{"start":{"line":69,"column":8},"end":{"line":69,"column":24}},"loc":{"start":{"line":70,"column":54},"end":{"line":102,"column":null}}},"2":{"name":"(anonymous_12)","decl":{"start":{"line":107,"column":8},"end":{"line":107,"column":20}},"loc":{"start":{"line":107,"column":20},"end":{"line":117,"column":null}}},"3":{"name":"(anonymous_14)","decl":{"start":{"line":123,"column":2},"end":{"line":123,"column":13}},"loc":{"start":{"line":123,"column":27},"end":{"line":133,"column":3}}},"4":{"name":"(anonymous_15)","decl":{"start":{"line":139,"column":2},"end":{"line":139,"column":7}},"loc":{"start":{"line":139,"column":7},"end":{"line":147,"column":3}}},"5":{"name":"(anonymous_16)","decl":{"start":{"line":155,"column":2},"end":{"line":155,"column":9}},"loc":{"start":{"line":155,"column":27},"end":{"line":178,"column":3}}},"6":{"name":"(anonymous_17)","decl":{"start":{"line":185,"column":2},"end":{"line":185,"column":8}},"loc":{"start":{"line":185,"column":35},"end":{"line":197,"column":3}}},"7":{"name":"(anonymous_18)","decl":{"start":{"line":205,"column":2},"end":{"line":205,"column":10}},"loc":{"start":{"line":205,"column":38},"end":{"line":219,"column":3}}},"8":{"name":"(anonymous_19)","decl":{"start":{"line":225,"column":2},"end":{"line":225,"column":15}},"loc":{"start":{"line":225,"column":38},"end":{"line":243,"column":3}}},"9":{"name":"(anonymous_20)","decl":{"start":{"line":248,"column":2},"end":{"line":248,"column":18}},"loc":{"start":{"line":248,"column":18},"end":{"line":257,"column":3}}},"10":{"name":"(anonymous_21)","decl":{"start":{"line":264,"column":2},"end":{"line":264,"column":18}},"loc":{"start":{"line":266,"column":3},"end":{"line":276,"column":3}}},"11":{"name":"(anonymous_22)","decl":{"start":{"line":269,"column":30},"end":{"line":269,"column":37}},"loc":{"start":{"line":269,"column":40},"end":{"line":273,"column":5}}},"12":{"name":"(anonymous_23)","decl":{"start":{"line":283,"column":2},"end":{"line":283,"column":15}},"loc":{"start":{"line":283,"column":31},"end":{"line":292,"column":3}}},"13":{"name":"(anonymous_24)","decl":{"start":{"line":297,"column":2},"end":{"line":297,"column":16}},"loc":{"start":{"line":297,"column":16},"end":{"line":299,"column":3}}},"14":{"name":"(anonymous_25)","decl":{"start":{"line":304,"column":2},"end":{"line":304,"column":25}},"loc":{"start":{"line":304,"column":25},"end":{"line":306,"column":3}}}},"branchMap":{"0":{"loc":{"start":{"line":19,"column":4},"end":{"line":21,"column":null}},"type":"if","locations":[{"start":{"line":19,"column":4},"end":{"line":21,"column":null}},{"start":{"line":19,"column":4},"end":{"line":21,"column":null}}]},"1":{"loc":{"start":{"line":22,"column":4},"end":{"line":24,"column":null}},"type":"if","locations":[{"start":{"line":22,"column":4},"end":{"line":24,"column":null}},{"start":{"line":22,"column":4},"end":{"line":24,"column":null}}]},"2":{"loc":{"start":{"line":27,"column":32},"end":{"line":27,"column":63}},"type":"cond-expr","locations":[{"start":{"line":27,"column":32},"end":{"line":27,"column":63}},{"start":{"line":27,"column":66},"end":{"line":27,"column":75}}]},"3":{"loc":{"start":{"line":36,"column":22},"end":{"line":36,"column":26}},"type":"cond-expr","locations":[{"start":{"line":36,"column":22},"end":{"line":36,"column":26}},{"start":{"line":36,"column":26},"end":{"line":36,"column":33}}]},"4":{"loc":{"start":{"line":36,"column":10},"end":{"line":36,"column":26}},"type":"binary-expr","locations":[{"start":{"line":36,"column":10},"end":{"line":36,"column":26}},{"start":{"line":36,"column":22},"end":{"line":36,"column":26}}]},"5":{"loc":{"start":{"line":70,"column":32},"end":{"line":70,"column":54}},"type":"default-arg","locations":[{"start":{"line":70,"column":32},"end":{"line":70,"column":54}}]},"6":{"loc":{"start":{"line":72,"column":4},"end":{"line":77,"column":null}},"type":"if","locations":[{"start":{"line":72,"column":4},"end":{"line":77,"column":null}},{"start":{"line":72,"column":4},"end":{"line":77,"column":null}}]},"7":{"loc":{"start":{"line":79,"column":4},"end":{"line":85,"column":null}},"type":"if","locations":[{"start":{"line":79,"column":4},"end":{"line":85,"column":null}},{"start":{"line":79,"column":4},"end":{"line":85,"column":null}}]},"8":{"loc":{"start":{"line":80,"column":6},"end":{"line":82,"column":null}},"type":"if","locations":[{"start":{"line":80,"column":6},"end":{"line":82,"column":null}},{"start":{"line":80,"column":6},"end":{"line":82,"column":null}}]},"9":{"loc":{"start":{"line":87,"column":4},"end":{"line":89,"column":null}},"type":"if","locations":[{"start":{"line":87,"column":4},"end":{"line":89,"column":null}},{"start":{"line":87,"column":4},"end":{"line":89,"column":null}}]},"10":{"loc":{"start":{"line":112,"column":4},"end":{"line":114,"column":null}},"type":"if","locations":[{"start":{"line":112,"column":4},"end":{"line":114,"column":null}},{"start":{"line":112,"column":4},"end":{"line":114,"column":null}}]},"11":{"loc":{"start":{"line":124,"column":4},"end":{"line":126,"column":null}},"type":"if","locations":[{"start":{"line":124,"column":4},"end":{"line":126,"column":null}},{"start":{"line":124,"column":4},"end":{"line":126,"column":null}}]},"12":{"loc":{"start":{"line":128,"column":4},"end":{"line":130,"column":null}},"type":"if","locations":[{"start":{"line":128,"column":4},"end":{"line":130,"column":null}},{"start":{"line":128,"column":4},"end":{"line":130,"column":null}}]},"13":{"loc":{"start":{"line":140,"column":4},"end":{"line":142,"column":null}},"type":"if","locations":[{"start":{"line":140,"column":4},"end":{"line":142,"column":null}},{"start":{"line":140,"column":4},"end":{"line":142,"column":null}}]},"14":{"loc":{"start":{"line":143,"column":4},"end":{"line":145,"column":null}},"type":"if","locations":[{"start":{"line":143,"column":4},"end":{"line":145,"column":null}},{"start":{"line":143,"column":4},"end":{"line":145,"column":null}}]},"15":{"loc":{"start":{"line":156,"column":4},"end":{"line":158,"column":null}},"type":"if","locations":[{"start":{"line":156,"column":4},"end":{"line":158,"column":null}},{"start":{"line":156,"column":4},"end":{"line":158,"column":null}}]},"16":{"loc":{"start":{"line":159,"column":4},"end":{"line":161,"column":null}},"type":"if","locations":[{"start":{"line":159,"column":4},"end":{"line":161,"column":null}},{"start":{"line":159,"column":4},"end":{"line":161,"column":null}}]},"17":{"loc":{"start":{"line":166,"column":4},"end":{"line":175,"column":null}},"type":"if","locations":[{"start":{"line":166,"column":4},"end":{"line":175,"column":null}},{"start":{"line":166,"column":4},"end":{"line":175,"column":null}}]},"18":{"loc":{"start":{"line":186,"column":4},"end":{"line":188,"column":null}},"type":"if","locations":[{"start":{"line":186,"column":4},"end":{"line":188,"column":null}},{"start":{"line":186,"column":4},"end":{"line":188,"column":null}}]},"19":{"loc":{"start":{"line":189,"column":4},"end":{"line":191,"column":null}},"type":"if","locations":[{"start":{"line":189,"column":4},"end":{"line":191,"column":null}},{"start":{"line":189,"column":4},"end":{"line":191,"column":null}}]},"20":{"loc":{"start":{"line":194,"column":34},"end":{"line":194,"column":39}},"type":"cond-expr","locations":[{"start":{"line":194,"column":34},"end":{"line":194,"column":39}},{"start":{"line":194,"column":42},"end":{"line":194,"column":63}}]},"21":{"loc":{"start":{"line":206,"column":4},"end":{"line":208,"column":null}},"type":"if","locations":[{"start":{"line":206,"column":4},"end":{"line":208,"column":null}},{"start":{"line":206,"column":4},"end":{"line":208,"column":null}}]},"22":{"loc":{"start":{"line":209,"column":4},"end":{"line":211,"column":null}},"type":"if","locations":[{"start":{"line":209,"column":4},"end":{"line":211,"column":null}},{"start":{"line":209,"column":4},"end":{"line":211,"column":null}}]},"23":{"loc":{"start":{"line":215,"column":34},"end":{"line":215,"column":39}},"type":"cond-expr","locations":[{"start":{"line":215,"column":34},"end":{"line":215,"column":39}},{"start":{"line":215,"column":42},"end":{"line":215,"column":63}}]},"24":{"loc":{"start":{"line":226,"column":4},"end":{"line":228,"column":null}},"type":"if","locations":[{"start":{"line":226,"column":4},"end":{"line":228,"column":null}},{"start":{"line":226,"column":4},"end":{"line":228,"column":null}}]},"25":{"loc":{"start":{"line":229,"column":4},"end":{"line":231,"column":null}},"type":"if","locations":[{"start":{"line":229,"column":4},"end":{"line":231,"column":null}},{"start":{"line":229,"column":4},"end":{"line":231,"column":null}}]},"26":{"loc":{"start":{"line":237,"column":10},"end":{"line":237,"column":46}},"type":"cond-expr","locations":[{"start":{"line":237,"column":10},"end":{"line":237,"column":46}},{"start":{"line":238,"column":10},"end":{"line":238,"column":19}}]},"27":{"loc":{"start":{"line":240,"column":10},"end":{"line":240,"column":48}},"type":"cond-expr","locations":[{"start":{"line":240,"column":10},"end":{"line":240,"column":48}},{"start":{"line":241,"column":10},"end":{"line":241,"column":19}}]},"28":{"loc":{"start":{"line":249,"column":4},"end":{"line":251,"column":null}},"type":"if","locations":[{"start":{"line":249,"column":4},"end":{"line":251,"column":null}},{"start":{"line":249,"column":4},"end":{"line":251,"column":null}}]},"29":{"loc":{"start":{"line":252,"column":4},"end":{"line":254,"column":null}},"type":"if","locations":[{"start":{"line":252,"column":4},"end":{"line":254,"column":null}},{"start":{"line":252,"column":4},"end":{"line":254,"column":null}}]},"30":{"loc":{"start":{"line":272,"column":36},"end":{"line":272,"column":41}},"type":"cond-expr","locations":[{"start":{"line":272,"column":36},"end":{"line":272,"column":41}},{"start":{"line":272,"column":44},"end":{"line":272,"column":65}}]},"31":{"loc":{"start":{"line":284,"column":4},"end":{"line":286,"column":null}},"type":"if","locations":[{"start":{"line":284,"column":4},"end":{"line":286,"column":null}},{"start":{"line":284,"column":4},"end":{"line":286,"column":null}}]},"32":{"loc":{"start":{"line":287,"column":4},"end":{"line":289,"column":null}},"type":"if","locations":[{"start":{"line":287,"column":4},"end":{"line":289,"column":null}},{"start":{"line":287,"column":4},"end":{"line":289,"column":null}}]},"33":{"loc":{"start":{"line":305,"column":11},"end":{"line":305,"column":32}},"type":"binary-expr","locations":[{"start":{"line":305,"column":11},"end":{"line":305,"column":32}},{"start":{"line":305,"column":36},"end":{"line":305,"column":73}}]}},"s":{"0":2,"1":2,"2":2,"3":2,"4":2,"5":2,"6":1,"7":1,"8":0,"9":1,"10":1,"11":1,"12":1,"13":1,"14":1,"15":1,"16":1,"17":1,"18":1,"19":1,"20":1,"21":4,"22":1,"23":1,"24":3,"25":2,"26":1,"27":2,"28":2,"29":1,"30":0,"31":1,"32":1,"33":1,"34":0,"35":0,"36":0,"37":0,"38":0,"39":0,"40":0,"41":0,"42":1,"43":0,"44":1,"45":0,"46":1,"47":0,"48":0,"49":0,"50":0,"51":0,"52":0,"53":0,"54":0,"55":0,"56":0,"57":0,"58":0,"59":0,"60":0,"61":0,"62":0,"63":0,"64":0,"65":0,"66":0,"67":0,"68":0,"69":0,"70":0,"71":0,"72":0,"73":0,"74":0,"75":0,"76":0,"77":0,"78":0,"79":0,"80":0,"81":0,"82":0,"83":0,"84":0,"85":0,"86":7,"87":1,"88":6,"89":1,"90":5,"91":5,"92":4},"f":{"0":2,"1":4,"2":0,"3":0,"4":1,"5":0,"6":0,"7":0,"8":0,"9":0,"10":0,"11":0,"12":7,"13":5,"14":4},"b":{"0":[1,1],"1":[0,1],"2":[0,1],"3":[0,1],"4":[1,1],"5":[0],"6":[1,3],"7":[2,1],"8":[1,1],"9":[0,1],"10":[0,0],"11":[0,0],"12":[0,0],"13":[0,1],"14":[0,1],"15":[0,0],"16":[0,0],"17":[0,0],"18":[0,0],"19":[0,0],"20":[0,0],"21":[0,0],"22":[0,0],"23":[0,0],"24":[0,0],"25":[0,0],"26":[0,0],"27":[0,0],"28":[0,0],"29":[0,0],"30":[0,0],"31":[1,6],"32":[1,5],"33":[4,4]}}
,"/Users/cortneythomas/Documents/Projects/work/sentry-capacitor/src/transports/native.ts": {"path":"/Users/cortneythomas/Documents/Projects/work/sentry-capacitor/src/transports/native.ts","statementMap":{"0":{"start":{"line":2,"column":0},"end":{"line":2,"column":59}},"1":{"start":{"line":4,"column":0},"end":{"line":4,"column":36}},"2":{"start":{"line":9,"column":21},"end":{"line":9,"column":78}},"3":{"start":{"line":15,"column":4},"end":{"line":19,"column":null}},"4":{"start":{"line":16,"column":6},"end":{"line":18,"column":8}},"5":{"start":{"line":21,"column":4},"end":{"line":21,"column":53}},"6":{"start":{"line":28,"column":4},"end":{"line":28,"column":39}},"7":{"start":{"line":7,"column":0},"end":{"line":7,"column":13}}},"fnMap":{"0":{"name":"(anonymous_0)","decl":{"start":{"line":7,"column":0},"end":{"line":7,"column":13}},"loc":{"start":{"line":7,"column":0},"end":{"line":30,"column":1}}},"1":{"name":"(anonymous_1)","decl":{"start":{"line":14,"column":9},"end":{"line":14,"column":18}},"loc":{"start":{"line":14,"column":31},"end":{"line":22,"column":3}}},"2":{"name":"(anonymous_2)","decl":{"start":{"line":27,"column":9},"end":{"line":27,"column":14}},"loc":{"start":{"line":27,"column":31},"end":{"line":29,"column":3}}}},"branchMap":{"0":{"loc":{"start":{"line":15,"column":4},"end":{"line":19,"column":null}},"type":"if","locations":[{"start":{"line":15,"column":4},"end":{"line":19,"column":null}},{"start":{"line":15,"column":4},"end":{"line":19,"column":null}}]}},"s":{"0":1,"1":1,"2":0,"3":0,"4":0,"5":0,"6":0,"7":1},"f":{"0":0,"1":0,"2":0},"b":{"0":[0,0]}}
}
