TN:
SF:src/backend.ts
FN:21,(anonymous_7)
FN:32,(anonymous_8)
FN:41,(anonymous_9)
FN:76,(anonymous_10)
FN:86,(anonymous_11)
FN:98,(anonymous_13)
FNF:6
FNH:1
FNDA:1,(anonymous_7)
FNDA:0,(anonymous_8)
FNDA:0,(anonymous_9)
FNDA:0,(anonymous_10)
FNDA:0,(anonymous_11)
FNDA:0,(anonymous_13)
DA:1,1
DA:2,1
DA:3,1
DA:6,1
DA:7,1
DA:14,1
DA:21,1
DA:22,1
DA:23,1
DA:25,0
DA:33,0
DA:34,0
DA:42,0
DA:44,0
DA:47,0
DA:52,0
DA:53,0
DA:56,0
DA:57,0
DA:60,0
DA:77,0
DA:87,0
DA:88,0
DA:89,0
DA:91,0
DA:99,0
DA:100,0
LF:27
LH:9
BRDA:33,0,0,0
BRDA:33,0,1,0
BRDA:42,1,0,0
BRDA:42,1,1,0
BRDA:52,2,0,0
BRDA:52,2,1,0
BRDA:56,3,0,0
BRDA:56,3,1,0
BRDA:78,4,0,0
BRDA:78,4,1,0
BRDA:89,5,0,0
BRDA:89,5,1,0
BRDA:99,6,0,0
BRDA:99,6,1,0
BRDA:99,7,0,0
BRDA:99,7,1,0
BRF:16
BRH:0
end_of_record
TN:
SF:src/wrapper.ts
FN:18,(anonymous_8)
FN:69,(anonymous_10)
FN:107,(anonymous_12)
FN:123,(anonymous_14)
FN:139,(anonymous_15)
FN:155,(anonymous_16)
FN:185,(anonymous_17)
FN:205,(anonymous_18)
FN:225,(anonymous_19)
FN:248,(anonymous_20)
FN:264,(anonymous_21)
FN:269,(anonymous_22)
FN:283,(anonymous_23)
FN:297,(anonymous_24)
FN:304,(anonymous_25)
FNF:15
FNH:6
FNDA:2,(anonymous_8)
FNDA:4,(anonymous_10)
FNDA:0,(anonymous_12)
FNDA:0,(anonymous_14)
FNDA:1,(anonymous_15)
FNDA:0,(anonymous_16)
FNDA:0,(anonymous_17)
FNDA:0,(anonymous_18)
FNDA:0,(anonymous_19)
FNDA:0,(anonymous_20)
FNDA:0,(anonymous_21)
FNDA:0,(anonymous_22)
FNDA:7,(anonymous_23)
FNDA:5,(anonymous_24)
FNDA:4,(anonymous_25)
DA:1,2
DA:3,2
DA:4,2
DA:8,2
DA:13,2
DA:19,2
DA:20,1
DA:22,1
DA:23,0
DA:27,1
DA:29,1
DA:34,1
DA:42,1
DA:44,1
DA:45,1
DA:46,1
DA:47,1
DA:52,1
DA:58,1
DA:60,1
DA:62,1
DA:72,4
DA:73,1
DA:76,1
DA:79,3
DA:80,2
DA:81,1
DA:83,2
DA:84,2
DA:87,1
DA:88,0
DA:98,1
DA:99,1
DA:101,1
DA:112,0
DA:113,0
DA:116,0
DA:124,0
DA:125,0
DA:128,0
DA:129,0
DA:132,0
DA:140,1
DA:141,0
DA:143,1
DA:144,0
DA:146,1
DA:156,0
DA:157,0
DA:159,0
DA:160,0
DA:164,0
DA:165,0
DA:166,0
DA:167,0
DA:168,0
DA:174,0
DA:177,0
DA:186,0
DA:187,0
DA:189,0
DA:190,0
DA:194,0
DA:196,0
DA:206,0
DA:207,0
DA:209,0
DA:210,0
DA:215,0
DA:218,0
DA:226,0
DA:227,0
DA:229,0
DA:230,0
DA:233,0
DA:249,0
DA:250,0
DA:252,0
DA:253,0
DA:256,0
DA:267,0
DA:269,0
DA:270,0
DA:271,0
DA:275,0
DA:284,7
DA:285,1
DA:287,6
DA:288,1
DA:291,5
DA:298,5
DA:305,4
LF:92
LH:42
BRDA:19,0,0,1
BRDA:19,0,1,1
BRDA:22,1,0,0
BRDA:22,1,1,1
BRDA:27,2,0,0
BRDA:27,2,1,1
BRDA:36,3,0,0
BRDA:36,3,1,1
BRDA:36,4,0,1
BRDA:36,4,1,1
BRDA:70,5,0,0
BRDA:72,6,0,1
BRDA:72,6,1,3
BRDA:79,7,0,2
BRDA:79,7,1,1
BRDA:80,8,0,1
BRDA:80,8,1,1
BRDA:87,9,0,0
BRDA:87,9,1,1
BRDA:112,10,0,0
BRDA:112,10,1,0
BRDA:124,11,0,0
BRDA:124,11,1,0
BRDA:128,12,0,0
BRDA:128,12,1,0
BRDA:140,13,0,0
BRDA:140,13,1,1
BRDA:143,14,0,0
BRDA:143,14,1,1
BRDA:156,15,0,0
BRDA:156,15,1,0
BRDA:159,16,0,0
BRDA:159,16,1,0
BRDA:166,17,0,0
BRDA:166,17,1,0
BRDA:186,18,0,0
BRDA:186,18,1,0
BRDA:189,19,0,0
BRDA:189,19,1,0
BRDA:194,20,0,0
BRDA:194,20,1,0
BRDA:206,21,0,0
BRDA:206,21,1,0
BRDA:209,22,0,0
BRDA:209,22,1,0
BRDA:215,23,0,0
BRDA:215,23,1,0
BRDA:226,24,0,0
BRDA:226,24,1,0
BRDA:229,25,0,0
BRDA:229,25,1,0
BRDA:237,26,0,0
BRDA:237,26,1,0
BRDA:240,27,0,0
BRDA:240,27,1,0
BRDA:249,28,0,0
BRDA:249,28,1,0
BRDA:252,29,0,0
BRDA:252,29,1,0
BRDA:272,30,0,0
BRDA:272,30,1,0
BRDA:284,31,0,1
BRDA:284,31,1,6
BRDA:287,32,0,1
BRDA:287,32,1,5
BRDA:305,33,0,4
BRDA:305,33,1,4
BRF:67
BRH:22
end_of_record
TN:
SF:src/transports/native.ts
FN:7,(anonymous_0)
FN:14,(anonymous_1)
FN:27,(anonymous_2)
FNF:3
FNH:0
FNDA:0,(anonymous_0)
FNDA:0,(anonymous_1)
FNDA:0,(anonymous_2)
DA:2,1
DA:4,1
DA:7,1
DA:9,0
DA:15,0
DA:16,0
DA:21,0
DA:28,0
LF:8
LH:3
BRDA:15,0,0,0
BRDA:15,0,1,0
BRF:2
BRH:0
end_of_record
